<?xml version="1.0" encoding="UTF-8"?>
<!-- Generated by org.testng.reporters.JUnitReportReporter -->
<testsuite skipped="0" hostname="DESKTOP-OQ3P6LF" name="practiceTestNG.SeleniumTestsFirefox" tests="2" failures="0" timestamp="2022-05-12T21:46:53 IST" time="0.029" errors="0">
  <testcase name="replyToEmail" time="0.010" classname="practiceTestNG.SeleniumTestsFirefox"/>
  <system-out/>
  <testcase name="forwardToEmail" time="0.019" classname="practiceTestNG.SeleniumTestsFirefox"/>
  <system-out/>
</testsuite> <!-- practiceTestNG.SeleniumTestsFirefox -->
