<?xml version="1.0" encoding="UTF-8"?>
<!-- Generated by org.testng.reporters.JUnitReportReporter -->
<testsuite skipped="0" hostname="DESKTOP-OQ3P6LF" name="testScenarios.TestCases" tests="1" failures="0" timestamp="2022-05-12T21:22:13 IST" time="18.494" errors="0">
  <testcase name="bookTicketAndPrint" time="18.494" classname="testScenarios.TestCases"/>
  <system-out/>
</testsuite> <!-- testScenarios.TestCases -->
