<?xml version="1.0" encoding="UTF-8"?>
<!-- Generated by org.testng.reporters.JUnitReportReporter -->
<testsuite skipped="0" hostname="DESKTOP-OQ3P6LF" name="practiceTestNG.TestNGPractice" tests="3" failures="0" timestamp="2022-05-12T21:39:35 IST" time="0.035" errors="0">
  <testcase name="deleteMail" time="0.009" classname="practiceTestNG.TestNGPractice"/>
  <system-out/>
  <testcase name="replyMail" time="0.008" classname="practiceTestNG.TestNGPractice"/>
  <system-out/>
  <testcase name="sendMail" time="0.018" classname="practiceTestNG.TestNGPractice"/>
  <system-out/>
</testsuite> <!-- practiceTestNG.TestNGPractice -->
