<?xml version="1.0" encoding="UTF-8"?>
<!-- Generated by org.testng.reporters.JUnitReportReporter -->
<testsuite skipped="0" hostname="DESKTOP-OQ3P6LF" name="testScenarios.TestCases" tests="1" failures="0" timestamp="2022-05-13T21:55:48 IST" time="2.784" errors="0">
  <testcase name="scrollDown" time="2.784" classname="testScenarios.TestCases"/>
  <system-out/>
</testsuite> <!-- testScenarios.TestCases -->
