<?xml version="1.0" encoding="UTF-8"?>
<!-- Generated by org.testng.reporters.JUnitReportReporter -->
<testsuite skipped="0" hostname="DESKTOP-OQ3P6LF" name="practiceTestNG.PracticeTestNG" tests="2" failures="0" timestamp="2022-05-12T21:50:52 IST" time="0.020" errors="0">
  <testcase name="bookFlight" time="0.015" classname="practiceTestNG.PracticeTestNG"/>
  <system-out>
    <![CDATA[Navigate to Flight Successfull
Search Flight Successfull
Select Flight Successfull
Book Flight Successfull]]>
  </system-out>
  <testcase name="bookCar" time="0.005" classname="practiceTestNG.PracticeTestNG"/>
  <system-out>
    <![CDATA[Book Car Successfull
Book Car Successfull
Book Car Successfull
Book Car Successfull]]>
  </system-out>
</testsuite> <!-- practiceTestNG.PracticeTestNG -->
