<?xml version="1.0" encoding="UTF-8"?>
<!-- Generated by org.testng.reporters.JUnitReportReporter -->
<testsuite skipped="2" hostname="DESKTOP-OQ3P6LF" name="practiceTestNG.SkipTestInTestNG" tests="3" failures="0" timestamp="2022-05-13T21:29:23 IST" time="0.025" errors="0">
  <testcase name="testcase3" time="0.003" classname="practiceTestNG.SkipTestInTestNG">
    <skipped/>
  </testcase> <!-- testcase3 -->
  <system-out/>
  <testcase name="testcase1" time="0.022" classname="practiceTestNG.SkipTestInTestNG"/>
  <system-out/>
  <testcase name="testcase2" classname="practiceTestNG.SkipTestInTestNG">
    <skipped/>
  </testcase> <!-- testcase2 -->
  <system-out/>
</testsuite> <!-- practiceTestNG.SkipTestInTestNG -->
