<?xml version="1.0" encoding="UTF-8"?>
<!-- Generated by org.testng.reporters.JUnitReportReporter -->
<testsuite skipped="0" hostname="DESKTOP-OQ3P6LF" name="testScenarios.TestCases" tests="1" failures="0" timestamp="2022-05-14T21:23:14 IST" time="12.350" errors="0">
  <testcase name="bookTicketAndCheckStatus" time="12.350" classname="testScenarios.TestCases"/>
  <system-out/>
</testsuite> <!-- testScenarios.TestCases -->
